0 info it worked if it ends with ok
1 verbose cli [ '/usr/bin/node', '/usr/bin/npm', 'start' ]
2 info using npm@3.10.10
3 info using node@v6.13.0
4 verbose run-script [ 'prestart', 'start', 'poststart' ]
5 info lifecycle server@1.0.0~prestart: server@1.0.0
6 silly lifecycle server@1.0.0~prestart: no script for prestart, continuing
7 info lifecycle server@1.0.0~start: server@1.0.0
8 verbose lifecycle server@1.0.0~start: unsafe-perm in lifecycle true
9 verbose lifecycle server@1.0.0~start: PATH: /usr/lib/node_modules/npm/bin/node-gyp-bin:/mnt/d/Libraries/Development/the-system/server/node_modules/.bin:/usr/local/pgsql/bin:/usr/local/rvm/gems/ruby-2.4.3/bin:/usr/local/rvm/gems/ruby-2.4.3@global/bin:/usr/local/rvm/rubies/ruby-2.4.3/bin:/usr/local/sbin:/usr/local/bin:/usr/sbin:/usr/bin:/sbin:/bin:/usr/games:/usr/local/games:/mnt/c/Program Files (x86)/Intel/iCLS Client:/mnt/d/Program Files/Intel/iCLS Client:/mnt/c/Program Files (x86)/Razer Chroma SDK/bin:/mnt/d/Program Files/Razer Chroma SDK/bin:/mnt/c/ProgramData/Oracle/Java/javapath_target_73198671:/mnt/c/Windows/System32:/mnt/c/Windows:/mnt/c/Windows/System32/wbem:/mnt/c/Windows/System32/WindowsPowerShell/v1.0:/mnt/c/Program Files (x86)/NVIDIA Corporation/PhysX/Common:/mnt/d/Program Files (x86)/Intel/Intel(R) Management Engine Components/DAL:/mnt/d/Program Files/Intel/Intel(R) Management Engine Components/DAL:/mnt/d/Program Files (x86)/Intel/Intel(R) Management Engine Components/IPT:/mnt/d/Program Files/Intel/Intel(R) Management Engine Components/IPT:/mnt/c/Program Files/Git/cmd:/mnt/d/Program Files/nodejs:/mnt/d/Program Files/Microsoft VS Code/bin:/mnt/c/Users/nickc/AppData/Roaming/npm:/mnt/c/Users/nickc/AppData/Local/hyper/app-2.0.0/resources/bin:/snap/bin:/usr/local/rvm/bin
10 verbose lifecycle server@1.0.0~start: CWD: /mnt/d/Libraries/Development/the-system/server
11 silly lifecycle server@1.0.0~start: Args: [ '-c', './node_modules/nodemon/bin/nodemon.js src/app.js' ]
12 silly lifecycle server@1.0.0~start: Returned: code: 130  signal: null
13 info lifecycle server@1.0.0~start: Failed to exec start script
14 verbose stack Error: server@1.0.0 start: `./node_modules/nodemon/bin/nodemon.js src/app.js`
14 verbose stack Exit status 130
14 verbose stack     at EventEmitter.<anonymous> (/usr/lib/node_modules/npm/lib/utils/lifecycle.js:255:16)
14 verbose stack     at emitTwo (events.js:106:13)
14 verbose stack     at EventEmitter.emit (events.js:191:7)
14 verbose stack     at ChildProcess.<anonymous> (/usr/lib/node_modules/npm/lib/utils/spawn.js:40:14)
14 verbose stack     at emitTwo (events.js:106:13)
14 verbose stack     at ChildProcess.emit (events.js:191:7)
14 verbose stack     at maybeClose (internal/child_process.js:920:16)
14 verbose stack     at Process.ChildProcess._handle.onexit (internal/child_process.js:230:5)
15 verbose pkgid server@1.0.0
16 verbose cwd /mnt/d/Libraries/Development/the-system/server
17 error Linux 4.4.0-43-Microsoft
18 error argv "/usr/bin/node" "/usr/bin/npm" "start"
19 error node v6.13.0
20 error npm  v3.10.10
21 error code ELIFECYCLE
22 error server@1.0.0 start: `./node_modules/nodemon/bin/nodemon.js src/app.js`
22 error Exit status 130
23 error Failed at the server@1.0.0 start script './node_modules/nodemon/bin/nodemon.js src/app.js'.
23 error Make sure you have the latest version of node.js and npm installed.
23 error If you do, this is most likely a problem with the server package,
23 error not with npm itself.
23 error Tell the author that this fails on your system:
23 error     ./node_modules/nodemon/bin/nodemon.js src/app.js
23 error You can get information on how to open an issue for this project with:
23 error     npm bugs server
23 error Or if that isn't available, you can get their info via:
23 error     npm owner ls server
23 error There is likely additional logging output above.
24 verbose exit [ 1, true ]
